<?xml version="1.0" encoding="UTF-8"?>
<!-- Generated by org.testng.reporters.JUnitReportReporter -->
<testsuite skipped="0" hostname="DESKTOP-52E8A26" name="testcases.LoginPageTest" tests="3" failures="0" timestamp="2021-03-11T21:53:18 EST" time="46.067" errors="0">
  <testcase name="verifySignInLabel" time="0.294" classname="testcases.LoginPageTest"/>
  <system-out/>
  <testcase name="userSignIn" time="43.930" classname="testcases.LoginPageTest"/>
  <system-out/>
  <testcase name="userSignOut" time="1.843" classname="testcases.LoginPageTest"/>
  <system-out/>
</testsuite> <!-- testcases.LoginPageTest -->
