<?xml version="1.0" encoding="UTF-8"?>
<!-- Generated by org.testng.reporters.JUnitReportReporter -->
<testsuite skipped="0" hostname="DESKTOP-52E8A26" name="testcases.LoginPageTest" tests="3" failures="0" timestamp="2021-03-11T22:44:29 EST" time="35.812" errors="0">
  <testcase name="verifySignInLabel" time="0.386" classname="testcases.LoginPageTest"/>
  <system-out/>
  <testcase name="userSignIn" time="33.977" classname="testcases.LoginPageTest"/>
  <system-out/>
  <testcase name="userSignOut" time="1.449" classname="testcases.LoginPageTest"/>
  <system-out/>
</testsuite> <!-- testcases.LoginPageTest -->
