<?xml version="1.0" encoding="UTF-8"?>
<!-- Generated by org.testng.reporters.JUnitReportReporter -->
<testsuite skipped="0" hostname="DESKTOP-52E8A26" name="testcases.SignInTest" tests="3" failures="0" timestamp="2021-03-10T21:23:56 EST" time="7.369" errors="0">
  <testcase name="verifySignInLabel" time="0.248" classname="testcases.SignInTest"/>
  <system-out/>
  <testcase name="userSignIn" time="5.961" classname="testcases.SignInTest"/>
  <system-out/>
  <testcase name="userSignOut" time="1.160" classname="testcases.SignInTest"/>
  <system-out/>
</testsuite> <!-- testcases.SignInTest -->
