<?xml version="1.0" encoding="UTF-8"?>
<!-- Generated by org.testng.reporters.JUnitReportReporter -->
<testsuite skipped="0" hostname="DESKTOP-52E8A26" name="testcases.SignInPageTest" tests="3" failures="0" timestamp="2021-03-11T08:45:38 EST" time="29.556" errors="0">
  <testcase name="verifySignInLabel" time="1.291" classname="testcases.SignInPageTest"/>
  <system-out/>
  <testcase name="userSignIn" time="27.305" classname="testcases.SignInPageTest"/>
  <system-out/>
  <testcase name="userSignOut" time="0.960" classname="testcases.SignInPageTest"/>
  <system-out/>
</testsuite> <!-- testcases.SignInPageTest -->
