<?xml version="1.0" encoding="UTF-8"?>
<!-- Generated by org.testng.reporters.JUnitReportReporter -->
<testsuite skipped="0" hostname="DESKTOP-52E8A26" name="testcases.SearchTest" tests="1" failures="0" timestamp="2021-03-10T21:57:03 EST" time="10.600" errors="0">
  <testcase name="searchAnyItem" time="10.600" classname="testcases.SearchTest"/>
  <system-out/>
</testsuite> <!-- testcases.SearchTest -->
