<?xml version="1.0" encoding="UTF-8"?>
<!-- Generated by org.testng.reporters.JUnitReportReporter -->
<testsuite skipped="0" hostname="DESKTOP-52E8A26" name="testcases.LoginPageTest" tests="3" failures="0" timestamp="2021-03-12T13:08:22 EST" time="25.166" errors="0">
  <testcase name="verifySignInLabel" time="0.561" classname="testcases.LoginPageTest"/>
  <system-out/>
  <testcase name="userSignIn" time="22.906" classname="testcases.LoginPageTest"/>
  <system-out/>
  <testcase name="userSignOut" time="1.699" classname="testcases.LoginPageTest"/>
  <system-out/>
</testsuite> <!-- testcases.LoginPageTest -->
